TN:
SF:src\js\Bowerman.js
FN:4,(anonymous_0)
FNF:1
FNH:1
FNDA:9,(anonymous_0)
DA:5,9
DA:6,9
DA:7,9
LF:3
LH:3
BRF:0
BRH:0
end_of_record
TN:
SF:src\js\Character.js
FN:3,(anonymous_0)
FN:13,(anonymous_1)
FN:24,(anonymous_2)
FN:32,(anonymous_3)
FN:37,(anonymous_4)
FN:48,(anonymous_5)
FNF:6
FNH:6
FNDA:14,(anonymous_0)
FNDA:17,(anonymous_1)
FNDA:15,(anonymous_2)
FNDA:6,(anonymous_3)
FNDA:2,(anonymous_4)
FNDA:2,(anonymous_5)
DA:4,14
DA:5,14
DA:6,14
DA:7,14
DA:8,14
DA:9,14
DA:10,14
DA:14,17
DA:15,1
DA:16,16
DA:17,2
DA:19,14
DA:25,15
DA:26,15
DA:27,15
DA:28,1
DA:34,6
DA:38,2
DA:39,1
DA:40,1
DA:41,1
DA:42,1
DA:44,1
DA:49,2
DA:50,1
DA:52,1
LF:26
LH:26
BRDA:14,0,0,1
BRDA:14,0,1,16
BRDA:16,1,0,2
BRDA:16,1,1,14
BRDA:16,2,0,16
BRDA:16,2,1,16
BRDA:16,2,2,15
BRDA:27,3,0,1
BRDA:27,3,1,14
BRDA:38,4,0,1
BRDA:38,4,1,1
BRDA:49,5,0,1
BRDA:49,5,1,1
BRDA:49,6,0,2
BRDA:49,6,1,2
BRF:15
BRH:15
end_of_record
TN:
SF:src\js\Daemon.js
FN:4,(anonymous_0)
FNF:1
FNH:1
FNDA:1,(anonymous_0)
DA:5,1
DA:6,1
DA:7,1
LF:3
LH:3
BRF:0
BRH:0
end_of_record
TN:
SF:src\js\Magician.js
FN:4,(anonymous_0)
FNF:1
FNH:1
FNDA:1,(anonymous_0)
DA:5,1
DA:6,1
DA:7,1
LF:3
LH:3
BRF:0
BRH:0
end_of_record
TN:
SF:src\js\Swordsman.js
FN:4,(anonymous_0)
FNF:1
FNH:1
FNDA:1,(anonymous_0)
DA:5,1
DA:6,1
DA:7,1
LF:3
LH:3
BRF:0
BRH:0
end_of_record
TN:
SF:src\js\Undead.js
FN:5,(anonymous_0)
FNF:1
FNH:1
FNDA:1,(anonymous_0)
DA:6,1
DA:7,1
DA:8,1
LF:3
LH:3
BRF:0
BRH:0
end_of_record
TN:
SF:src\js\Zombie.js
FN:5,(anonymous_0)
FNF:1
FNH:1
FNDA:1,(anonymous_0)
DA:6,1
DA:7,1
DA:8,1
LF:3
LH:3
BRF:0
BRH:0
end_of_record
